Performing C SOURCE FILE Test CMAKE_HAVE_LIBC_PTHREAD failed with the following output:
Change Dir: C:/Users/jiumao/Documents/data/project/cpp/cloth/build/CMakeFiles/CMakeScratch/TryCompile-ttg4r6

Run Build Command(s):C:/Program Files/Microsoft Visual Studio/2022/Community/MSBuild/Current/Bin/amd64/MSBuild.exe cmTC_b6622.vcxproj /p:Configuration=Debug /p:Platform=x64 /p:VisualStudioVersion=17.0 /v:m && MSBuild version 17.4.1+9a89d02ff for .NET Framework
  用于 x64 的 Microsoft (R) C/C++ 优化编译器 19.34.31937 版
  src.c
  版权所有(C) Microsoft Corporation。保留所有权利。
  cl /c /Zi /W1 /WX- /diagnostics:column /Od /Ob0 /D _MBCS /D WIN32 /D _WINDOWS /D CMAKE_HAVE_LIBC_PTHREAD /D "CMAKE_INTDIR=\"Debug\"" /Gm- /RTC1 /MDd /GS /fp:precise /Zc:wchar_t /Zc:forScope /Zc:inline /Fo"cmTC_b6622.dir\Debug\\" /Fd"cmTC_b6622.dir\Debug\vc143.pdb" /external:W1 /Gd /TC /errorReport:queue "C:\Users\jiumao\Documents\data\project\cpp\cloth\build\CMakeFiles\CMakeScratch\TryCompile-ttg4r6\src.c"
C:\Users\jiumao\Documents\data\project\cpp\cloth\build\CMakeFiles\CMakeScratch\TryCompile-ttg4r6\src.c(1,10): fatal  error C1083: 无法打开包括文件: “pthread.h”: No such file or directory [C:\Users\jiumao\Documents\data\project\cpp\cloth\build\CMakeFiles\CMakeScratch\TryCompile-ttg4r6\cmTC_b6622.vcxproj]


Source file was:
#include <pthread.h>

static void* test_func(void* data)
{
  return data;
}

int main(void)
{
  pthread_t thread;
  pthread_create(&thread, NULL, test_func, NULL);
  pthread_detach(thread);
  pthread_cancel(thread);
  pthread_join(thread, NULL);
  pthread_atfork(NULL, NULL, NULL);
  pthread_exit(NULL);

  return 0;
}


Determining if the function pthread_create exists in the pthreads failed with the following output:
Change Dir: C:/Users/jiumao/Documents/data/project/cpp/cloth/build/CMakeFiles/CMakeScratch/TryCompile-r1tq3s

Run Build Command(s):C:/Program Files/Microsoft Visual Studio/2022/Community/MSBuild/Current/Bin/amd64/MSBuild.exe cmTC_854d2.vcxproj /p:Configuration=Debug /p:Platform=x64 /p:VisualStudioVersion=17.0 /v:m && MSBuild version 17.4.1+9a89d02ff for .NET Framework
  用于 x64 的 Microsoft (R) C/C++ 优化编译器 19.34.31937 版
  CheckFunctionExists.c
  版权所有(C) Microsoft Corporation。保留所有权利。
  cl /c /Zi /W1 /WX- /diagnostics:column /Od /Ob0 /D _MBCS /D WIN32 /D _WINDOWS /D CHECK_FUNCTION_EXISTS=pthread_create /D "CMAKE_INTDIR=\"Debug\"" /Gm- /RTC1 /MDd /GS /fp:precise /Zc:wchar_t /Zc:forScope /Zc:inline /Fo"cmTC_854d2.dir\Debug\\" /Fd"cmTC_854d2.dir\Debug\vc143.pdb" /external:W1 /Gd /TC /errorReport:queue "C:\Users\jiumao\Documents\data\project\cpp\cloth\build\CMakeFiles\CMakeScratch\TryCompile-r1tq3s\CheckFunctionExists.c"
LINK : fatal error LNK1104: 无法打开文件“pthreads.lib” [C:\Users\jiumao\Documents\data\project\cpp\cloth\build\CMakeFiles\CMakeScratch\TryCompile-r1tq3s\cmTC_854d2.vcxproj]



Determining if the function pthread_create exists in the pthread failed with the following output:
Change Dir: C:/Users/jiumao/Documents/data/project/cpp/cloth/build/CMakeFiles/CMakeScratch/TryCompile-4hwb0y

Run Build Command(s):C:/Program Files/Microsoft Visual Studio/2022/Community/MSBuild/Current/Bin/amd64/MSBuild.exe cmTC_41b2e.vcxproj /p:Configuration=Debug /p:Platform=x64 /p:VisualStudioVersion=17.0 /v:m && MSBuild version 17.4.1+9a89d02ff for .NET Framework
  用于 x64 的 Microsoft (R) C/C++ 优化编译器 19.34.31937 版
  CheckFunctionExists.c
  版权所有(C) Microsoft Corporation。保留所有权利。
  cl /c /Zi /W1 /WX- /diagnostics:column /Od /Ob0 /D _MBCS /D WIN32 /D _WINDOWS /D CHECK_FUNCTION_EXISTS=pthread_create /D "CMAKE_INTDIR=\"Debug\"" /Gm- /RTC1 /MDd /GS /fp:precise /Zc:wchar_t /Zc:forScope /Zc:inline /Fo"cmTC_41b2e.dir\Debug\\" /Fd"cmTC_41b2e.dir\Debug\vc143.pdb" /external:W1 /Gd /TC /errorReport:queue "C:\Users\jiumao\Documents\data\project\cpp\cloth\build\CMakeFiles\CMakeScratch\TryCompile-4hwb0y\CheckFunctionExists.c"
LINK : fatal error LNK1104: 无法打开文件“pthread.lib” [C:\Users\jiumao\Documents\data\project\cpp\cloth\build\CMakeFiles\CMakeScratch\TryCompile-4hwb0y\cmTC_41b2e.vcxproj]



